The target system is: Linux - 1 - 
The host system is: Linux - 4.10.0-35-generic - x86_64
Compiling the C compiler identification source file "CMakeCCompilerId.c" succeeded.
Compiler: /home/zach/rpi/tools/arm-bcm2708/gcc-linaro-arm-linux-gnueabihf-raspbian-x64/bin/arm-linux-gnueabihf-gcc 
Build flags: 
Id flags: 

The output was:
0


Compilation of the C compiler identification source "CMakeCCompilerId.c" produced "a.out"

The C compiler identification is GNU, found in "/home/zach/Documents/personal/k-d_tree/build/rpi/bin/CMakeFiles/3.5.1/CompilerIdC/a.out"

Compiling the CXX compiler identification source file "CMakeCXXCompilerId.cpp" succeeded.
Compiler: /home/zach/rpi/tools/arm-bcm2708/gcc-linaro-arm-linux-gnueabihf-raspbian-x64/bin/arm-linux-gnueabihf-g++ 
Build flags: 
Id flags: 

The output was:
0


Compilation of the CXX compiler identification source "CMakeCXXCompilerId.cpp" produced "a.out"

The CXX compiler identification is GNU, found in "/home/zach/Documents/personal/k-d_tree/build/rpi/bin/CMakeFiles/3.5.1/CompilerIdCXX/a.out"

Determining if the C compiler works passed with the following output:
Change Dir: /home/zach/Documents/personal/k-d_tree/build/rpi/bin/CMakeFiles/CMakeTmp

Run Build Command:"/usr/bin/make" "cmTC_754e6/fast"
make[3]: Entering directory '/home/zach/Documents/personal/k-d_tree/build/rpi/bin/CMakeFiles/CMakeTmp'
/usr/bin/make -f CMakeFiles/cmTC_754e6.dir/build.make CMakeFiles/cmTC_754e6.dir/build
make[4]: Entering directory '/home/zach/Documents/personal/k-d_tree/build/rpi/bin/CMakeFiles/CMakeTmp'
Building C object CMakeFiles/cmTC_754e6.dir/testCCompiler.c.o
/home/zach/rpi/tools/arm-bcm2708/gcc-linaro-arm-linux-gnueabihf-raspbian-x64/bin/arm-linux-gnueabihf-gcc  --sysroot=/home/zach/rpi/rootfs    -o CMakeFiles/cmTC_754e6.dir/testCCompiler.c.o   -c /home/zach/Documents/personal/k-d_tree/build/rpi/bin/CMakeFiles/CMakeTmp/testCCompiler.c
Linking C executable cmTC_754e6
/usr/bin/cmake -E cmake_link_script CMakeFiles/cmTC_754e6.dir/link.txt --verbose=1
/home/zach/rpi/tools/arm-bcm2708/gcc-linaro-arm-linux-gnueabihf-raspbian-x64/bin/arm-linux-gnueabihf-gcc  --sysroot=/home/zach/rpi/rootfs      CMakeFiles/cmTC_754e6.dir/testCCompiler.c.o  -o cmTC_754e6 -rdynamic 
make[4]: Leaving directory '/home/zach/Documents/personal/k-d_tree/build/rpi/bin/CMakeFiles/CMakeTmp'
make[3]: Leaving directory '/home/zach/Documents/personal/k-d_tree/build/rpi/bin/CMakeFiles/CMakeTmp'


Detecting C compiler ABI info compiled with the following output:
Change Dir: /home/zach/Documents/personal/k-d_tree/build/rpi/bin/CMakeFiles/CMakeTmp

Run Build Command:"/usr/bin/make" "cmTC_e9289/fast"
make[3]: Entering directory '/home/zach/Documents/personal/k-d_tree/build/rpi/bin/CMakeFiles/CMakeTmp'
/usr/bin/make -f CMakeFiles/cmTC_e9289.dir/build.make CMakeFiles/cmTC_e9289.dir/build
make[4]: Entering directory '/home/zach/Documents/personal/k-d_tree/build/rpi/bin/CMakeFiles/CMakeTmp'
Building C object CMakeFiles/cmTC_e9289.dir/CMakeCCompilerABI.c.o
/home/zach/rpi/tools/arm-bcm2708/gcc-linaro-arm-linux-gnueabihf-raspbian-x64/bin/arm-linux-gnueabihf-gcc  --sysroot=/home/zach/rpi/rootfs    -o CMakeFiles/cmTC_e9289.dir/CMakeCCompilerABI.c.o   -c /usr/share/cmake-3.5/Modules/CMakeCCompilerABI.c
Linking C executable cmTC_e9289
/usr/bin/cmake -E cmake_link_script CMakeFiles/cmTC_e9289.dir/link.txt --verbose=1
/home/zach/rpi/tools/arm-bcm2708/gcc-linaro-arm-linux-gnueabihf-raspbian-x64/bin/arm-linux-gnueabihf-gcc  --sysroot=/home/zach/rpi/rootfs     -v CMakeFiles/cmTC_e9289.dir/CMakeCCompilerABI.c.o  -o cmTC_e9289 -rdynamic  
Using built-in specs.
COLLECT_GCC=/home/zach/rpi/tools/arm-bcm2708/gcc-linaro-arm-linux-gnueabihf-raspbian-x64/bin/arm-linux-gnueabihf-gcc
COLLECT_LTO_WRAPPER=/home/zach/rpi/tools/arm-bcm2708/gcc-linaro-arm-linux-gnueabihf-raspbian-x64/bin/../libexec/gcc/arm-linux-gnueabihf/4.8.3/lto-wrapper
Target: arm-linux-gnueabihf
Configured with: /home/zhehe01/work/bzr/pi-build/builds/arm-linux-gnueabihf-raspbian-linux/.build/src/gcc-linaro-4.8-2014.03/configure --build=x86_64-build_unknown-linux-gnu --host=x86_64-build_unknown-linux-gnu --target=arm-linux-gnueabihf --prefix=/home/zhehe01/work/bzr/pi-build/builds/arm-linux-gnueabihf-raspbian-linux/install --with-sysroot=/home/zhehe01/work/bzr/pi-build/builds/arm-linux-gnueabihf-raspbian-linux/install/arm-linux-gnueabihf/libc --enable-languages=c,c++,fortran --disable-multilib --enable-multiarch --with-arch=armv6 --with-tune=arm1176jz-s --with-fpu=vfp --with-float=hard --with-pkgversion='crosstool-NG linaro-1.13.1+bzr2650 - Linaro GCC 2014.03' --with-bugurl=https://bugs.launchpad.net/gcc-linaro --enable-__cxa_atexit --enable-libmudflap --enable-libgomp --enable-libssp --with-gmp=/home/zhehe01/work/bzr/pi-build/builds/arm-linux-gnueabihf-raspbian-linux/.build/arm-linux-gnueabihf/build/static --with-mpfr=/home/zhehe01/work/bzr/pi-build/builds/arm-linux-gnueabihf-raspbian-linux/.build/arm-linux-gnueabihf/build/static --with-mpc=/home/zhehe01/work/bzr/pi-build/builds/arm-linux-gnueabihf-raspbian-linux/.build/arm-linux-gnueabihf/build/static --with-isl=/home/zhehe01/work/bzr/pi-build/builds/arm-linux-gnueabihf-raspbian-linux/.build/arm-linux-gnueabihf/build/static --with-cloog=/home/zhehe01/work/bzr/pi-build/builds/arm-linux-gnueabihf-raspbian-linux/.build/arm-linux-gnueabihf/build/static --with-libelf=/home/zhehe01/work/bzr/pi-build/builds/arm-linux-gnueabihf-raspbian-linux/.build/arm-linux-gnueabihf/build/static --enable-threads=posix --disable-libstdcxx-pch --enable-linker-build-id --enable-plugin --enable-gold --with-local-prefix=/home/zhehe01/work/bzr/pi-build/builds/arm-linux-gnueabihf-raspbian-linux/install/arm-linux-gnueabihf/libc --enable-c99 --enable-long-long --with-float=hard
Thread model: posix
gcc version 4.8.3 20140303 (prerelease) (crosstool-NG linaro-1.13.1+bzr2650 - Linaro GCC 2014.03) 
COMPILER_PATH=/home/zach/rpi/tools/arm-bcm2708/gcc-linaro-arm-linux-gnueabihf-raspbian-x64/bin/../libexec/gcc/arm-linux-gnueabihf/4.8.3/:/home/zach/rpi/tools/arm-bcm2708/gcc-linaro-arm-linux-gnueabihf-raspbian-x64/bin/../libexec/gcc/arm-linux-gnueabihf/:/home/zach/rpi/tools/arm-bcm2708/gcc-linaro-arm-linux-gnueabihf-raspbian-x64/bin/../libexec/gcc/:/home/zach/rpi/tools/arm-bcm2708/gcc-linaro-arm-linux-gnueabihf-raspbian-x64/bin/../libexec/gcc/arm-linux-gnueabihf/:/home/zach/rpi/tools/arm-bcm2708/gcc-linaro-arm-linux-gnueabihf-raspbian-x64/bin/../lib/gcc/arm-linux-gnueabihf/4.8.3/../../../../arm-linux-gnueabihf/bin/
LIBRARY_PATH=/home/zach/rpi/tools/arm-bcm2708/gcc-linaro-arm-linux-gnueabihf-raspbian-x64/bin/../lib/gcc/arm-linux-gnueabihf/4.8.3/:/home/zach/rpi/tools/arm-bcm2708/gcc-linaro-arm-linux-gnueabihf-raspbian-x64/bin/../lib/gcc/arm-linux-gnueabihf/:/home/zach/rpi/tools/arm-bcm2708/gcc-linaro-arm-linux-gnueabihf-raspbian-x64/bin/../lib/gcc/:/home/zach/rpi/tools/arm-bcm2708/gcc-linaro-arm-linux-gnueabihf-raspbian-x64/bin/../lib/gcc/arm-linux-gnueabihf/:/home/zach/rpi/tools/arm-bcm2708/gcc-linaro-arm-linux-gnueabihf-raspbian-x64/bin/../lib/gcc/arm-linux-gnueabihf/4.8.3/../../../../arm-linux-gnueabihf/lib/:/home/zach/rpi/rootfs/lib/arm-linux-gnueabihf/:/home/zach/rpi/rootfs/lib/:/home/zach/rpi/rootfs/lib/arm-linux-gnueabihf/:/home/zach/rpi/rootfs/usr/lib/arm-linux-gnueabihf/:/home/zach/rpi/rootfs/usr/lib/:/home/zach/rpi/rootfs/usr/lib/arm-linux-gnueabihf/
COLLECT_GCC_OPTIONS='-v' '-o' 'cmTC_e9289' '-rdynamic' '-march=armv6' '-mtune=arm1176jz-s' '-mfloat-abi=hard' '-mfpu=vfp' '-mtls-dialect=gnu'
 /home/zach/rpi/tools/arm-bcm2708/gcc-linaro-arm-linux-gnueabihf-raspbian-x64/bin/../libexec/gcc/arm-linux-gnueabihf/4.8.3/collect2 --sysroot=/home/zach/rpi/rootfs --build-id --eh-frame-hdr -export-dynamic -dynamic-linker /lib/ld-linux-armhf.so.3 -X -m armelf_linux_eabi -o cmTC_e9289 /home/zach/rpi/rootfs/usr/lib/arm-linux-gnueabihf/crt1.o /home/zach/rpi/rootfs/usr/lib/arm-linux-gnueabihf/crti.o /home/zach/rpi/tools/arm-bcm2708/gcc-linaro-arm-linux-gnueabihf-raspbian-x64/bin/../lib/gcc/arm-linux-gnueabihf/4.8.3/crtbegin.o -L/home/zach/rpi/tools/arm-bcm2708/gcc-linaro-arm-linux-gnueabihf-raspbian-x64/bin/../lib/gcc/arm-linux-gnueabihf/4.8.3 -L/home/zach/rpi/tools/arm-bcm2708/gcc-linaro-arm-linux-gnueabihf-raspbian-x64/bin/../lib/gcc/arm-linux-gnueabihf -L/home/zach/rpi/tools/arm-bcm2708/gcc-linaro-arm-linux-gnueabihf-raspbian-x64/bin/../lib/gcc -L/home/zach/rpi/tools/arm-bcm2708/gcc-linaro-arm-linux-gnueabihf-raspbian-x64/bin/../lib/gcc/arm-linux-gnueabihf -L/home/zach/rpi/tools/arm-bcm2708/gcc-linaro-arm-linux-gnueabihf-raspbian-x64/bin/../lib/gcc/arm-linux-gnueabihf/4.8.3/../../../../arm-linux-gnueabihf/lib -L/home/zach/rpi/rootfs/lib/arm-linux-gnueabihf -L/home/zach/rpi/rootfs/lib -L/home/zach/rpi/rootfs/lib/arm-linux-gnueabihf -L/home/zach/rpi/rootfs/usr/lib/arm-linux-gnueabihf -L/home/zach/rpi/rootfs/usr/lib -L/home/zach/rpi/rootfs/usr/lib/arm-linux-gnueabihf CMakeFiles/cmTC_e9289.dir/CMakeCCompilerABI.c.o -lgcc --as-needed -lgcc_s --no-as-needed -lc -lgcc --as-needed -lgcc_s --no-as-needed /home/zach/rpi/tools/arm-bcm2708/gcc-linaro-arm-linux-gnueabihf-raspbian-x64/bin/../lib/gcc/arm-linux-gnueabihf/4.8.3/crtend.o /home/zach/rpi/rootfs/usr/lib/arm-linux-gnueabihf/crtn.o
make[4]: Leaving directory '/home/zach/Documents/personal/k-d_tree/build/rpi/bin/CMakeFiles/CMakeTmp'
make[3]: Leaving directory '/home/zach/Documents/personal/k-d_tree/build/rpi/bin/CMakeFiles/CMakeTmp'


Parsed C implicit link information from above output:
  link line regex: [^( *|.*[/\])(arm-linux-gnueabihf-ld|([^/\]+-)?ld|collect2)[^/\]*( |$)]
  ignore line: [Change Dir: /home/zach/Documents/personal/k-d_tree/build/rpi/bin/CMakeFiles/CMakeTmp]
  ignore line: []
  ignore line: [Run Build Command:"/usr/bin/make" "cmTC_e9289/fast"]
  ignore line: [make[3]: Entering directory '/home/zach/Documents/personal/k-d_tree/build/rpi/bin/CMakeFiles/CMakeTmp']
  ignore line: [/usr/bin/make -f CMakeFiles/cmTC_e9289.dir/build.make CMakeFiles/cmTC_e9289.dir/build]
  ignore line: [make[4]: Entering directory '/home/zach/Documents/personal/k-d_tree/build/rpi/bin/CMakeFiles/CMakeTmp']
  ignore line: [Building C object CMakeFiles/cmTC_e9289.dir/CMakeCCompilerABI.c.o]
  ignore line: [/home/zach/rpi/tools/arm-bcm2708/gcc-linaro-arm-linux-gnueabihf-raspbian-x64/bin/arm-linux-gnueabihf-gcc  --sysroot=/home/zach/rpi/rootfs    -o CMakeFiles/cmTC_e9289.dir/CMakeCCompilerABI.c.o   -c /usr/share/cmake-3.5/Modules/CMakeCCompilerABI.c]
  ignore line: [Linking C executable cmTC_e9289]
  ignore line: [/usr/bin/cmake -E cmake_link_script CMakeFiles/cmTC_e9289.dir/link.txt --verbose=1]
  ignore line: [/home/zach/rpi/tools/arm-bcm2708/gcc-linaro-arm-linux-gnueabihf-raspbian-x64/bin/arm-linux-gnueabihf-gcc  --sysroot=/home/zach/rpi/rootfs     -v CMakeFiles/cmTC_e9289.dir/CMakeCCompilerABI.c.o  -o cmTC_e9289 -rdynamic  ]
  ignore line: [Using built-in specs.]
  ignore line: [COLLECT_GCC=/home/zach/rpi/tools/arm-bcm2708/gcc-linaro-arm-linux-gnueabihf-raspbian-x64/bin/arm-linux-gnueabihf-gcc]
  ignore line: [COLLECT_LTO_WRAPPER=/home/zach/rpi/tools/arm-bcm2708/gcc-linaro-arm-linux-gnueabihf-raspbian-x64/bin/../libexec/gcc/arm-linux-gnueabihf/4.8.3/lto-wrapper]
  ignore line: [Target: arm-linux-gnueabihf]
  ignore line: [Configured with: /home/zhehe01/work/bzr/pi-build/builds/arm-linux-gnueabihf-raspbian-linux/.build/src/gcc-linaro-4.8-2014.03/configure --build=x86_64-build_unknown-linux-gnu --host=x86_64-build_unknown-linux-gnu --target=arm-linux-gnueabihf --prefix=/home/zhehe01/work/bzr/pi-build/builds/arm-linux-gnueabihf-raspbian-linux/install --with-sysroot=/home/zhehe01/work/bzr/pi-build/builds/arm-linux-gnueabihf-raspbian-linux/install/arm-linux-gnueabihf/libc --enable-languages=c,c++,fortran --disable-multilib --enable-multiarch --with-arch=armv6 --with-tune=arm1176jz-s --with-fpu=vfp --with-float=hard --with-pkgversion='crosstool-NG linaro-1.13.1+bzr2650 - Linaro GCC 2014.03' --with-bugurl=https://bugs.launchpad.net/gcc-linaro --enable-__cxa_atexit --enable-libmudflap --enable-libgomp --enable-libssp --with-gmp=/home/zhehe01/work/bzr/pi-build/builds/arm-linux-gnueabihf-raspbian-linux/.build/arm-linux-gnueabihf/build/static --with-mpfr=/home/zhehe01/work/bzr/pi-build/builds/arm-linux-gnueabihf-raspbian-linux/.build/arm-linux-gnueabihf/build/static --with-mpc=/home/zhehe01/work/bzr/pi-build/builds/arm-linux-gnueabihf-raspbian-linux/.build/arm-linux-gnueabihf/build/static --with-isl=/home/zhehe01/work/bzr/pi-build/builds/arm-linux-gnueabihf-raspbian-linux/.build/arm-linux-gnueabihf/build/static --with-cloog=/home/zhehe01/work/bzr/pi-build/builds/arm-linux-gnueabihf-raspbian-linux/.build/arm-linux-gnueabihf/build/static --with-libelf=/home/zhehe01/work/bzr/pi-build/builds/arm-linux-gnueabihf-raspbian-linux/.build/arm-linux-gnueabihf/build/static --enable-threads=posix --disable-libstdcxx-pch --enable-linker-build-id --enable-plugin --enable-gold --with-local-prefix=/home/zhehe01/work/bzr/pi-build/builds/arm-linux-gnueabihf-raspbian-linux/install/arm-linux-gnueabihf/libc --enable-c99 --enable-long-long --with-float=hard]
  ignore line: [Thread model: posix]
  ignore line: [gcc version 4.8.3 20140303 (prerelease) (crosstool-NG linaro-1.13.1+bzr2650 - Linaro GCC 2014.03) ]
  ignore line: [COMPILER_PATH=/home/zach/rpi/tools/arm-bcm2708/gcc-linaro-arm-linux-gnueabihf-raspbian-x64/bin/../libexec/gcc/arm-linux-gnueabihf/4.8.3/:/home/zach/rpi/tools/arm-bcm2708/gcc-linaro-arm-linux-gnueabihf-raspbian-x64/bin/../libexec/gcc/arm-linux-gnueabihf/:/home/zach/rpi/tools/arm-bcm2708/gcc-linaro-arm-linux-gnueabihf-raspbian-x64/bin/../libexec/gcc/:/home/zach/rpi/tools/arm-bcm2708/gcc-linaro-arm-linux-gnueabihf-raspbian-x64/bin/../libexec/gcc/arm-linux-gnueabihf/:/home/zach/rpi/tools/arm-bcm2708/gcc-linaro-arm-linux-gnueabihf-raspbian-x64/bin/../lib/gcc/arm-linux-gnueabihf/4.8.3/../../../../arm-linux-gnueabihf/bin/]
  ignore line: [LIBRARY_PATH=/home/zach/rpi/tools/arm-bcm2708/gcc-linaro-arm-linux-gnueabihf-raspbian-x64/bin/../lib/gcc/arm-linux-gnueabihf/4.8.3/:/home/zach/rpi/tools/arm-bcm2708/gcc-linaro-arm-linux-gnueabihf-raspbian-x64/bin/../lib/gcc/arm-linux-gnueabihf/:/home/zach/rpi/tools/arm-bcm2708/gcc-linaro-arm-linux-gnueabihf-raspbian-x64/bin/../lib/gcc/:/home/zach/rpi/tools/arm-bcm2708/gcc-linaro-arm-linux-gnueabihf-raspbian-x64/bin/../lib/gcc/arm-linux-gnueabihf/:/home/zach/rpi/tools/arm-bcm2708/gcc-linaro-arm-linux-gnueabihf-raspbian-x64/bin/../lib/gcc/arm-linux-gnueabihf/4.8.3/../../../../arm-linux-gnueabihf/lib/:/home/zach/rpi/rootfs/lib/arm-linux-gnueabihf/:/home/zach/rpi/rootfs/lib/:/home/zach/rpi/rootfs/lib/arm-linux-gnueabihf/:/home/zach/rpi/rootfs/usr/lib/arm-linux-gnueabihf/:/home/zach/rpi/rootfs/usr/lib/:/home/zach/rpi/rootfs/usr/lib/arm-linux-gnueabihf/]
  ignore line: [COLLECT_GCC_OPTIONS='-v' '-o' 'cmTC_e9289' '-rdynamic' '-march=armv6' '-mtune=arm1176jz-s' '-mfloat-abi=hard' '-mfpu=vfp' '-mtls-dialect=gnu']
  link line: [ /home/zach/rpi/tools/arm-bcm2708/gcc-linaro-arm-linux-gnueabihf-raspbian-x64/bin/../libexec/gcc/arm-linux-gnueabihf/4.8.3/collect2 --sysroot=/home/zach/rpi/rootfs --build-id --eh-frame-hdr -export-dynamic -dynamic-linker /lib/ld-linux-armhf.so.3 -X -m armelf_linux_eabi -o cmTC_e9289 /home/zach/rpi/rootfs/usr/lib/arm-linux-gnueabihf/crt1.o /home/zach/rpi/rootfs/usr/lib/arm-linux-gnueabihf/crti.o /home/zach/rpi/tools/arm-bcm2708/gcc-linaro-arm-linux-gnueabihf-raspbian-x64/bin/../lib/gcc/arm-linux-gnueabihf/4.8.3/crtbegin.o -L/home/zach/rpi/tools/arm-bcm2708/gcc-linaro-arm-linux-gnueabihf-raspbian-x64/bin/../lib/gcc/arm-linux-gnueabihf/4.8.3 -L/home/zach/rpi/tools/arm-bcm2708/gcc-linaro-arm-linux-gnueabihf-raspbian-x64/bin/../lib/gcc/arm-linux-gnueabihf -L/home/zach/rpi/tools/arm-bcm2708/gcc-linaro-arm-linux-gnueabihf-raspbian-x64/bin/../lib/gcc -L/home/zach/rpi/tools/arm-bcm2708/gcc-linaro-arm-linux-gnueabihf-raspbian-x64/bin/../lib/gcc/arm-linux-gnueabihf -L/home/zach/rpi/tools/arm-bcm2708/gcc-linaro-arm-linux-gnueabihf-raspbian-x64/bin/../lib/gcc/arm-linux-gnueabihf/4.8.3/../../../../arm-linux-gnueabihf/lib -L/home/zach/rpi/rootfs/lib/arm-linux-gnueabihf -L/home/zach/rpi/rootfs/lib -L/home/zach/rpi/rootfs/lib/arm-linux-gnueabihf -L/home/zach/rpi/rootfs/usr/lib/arm-linux-gnueabihf -L/home/zach/rpi/rootfs/usr/lib -L/home/zach/rpi/rootfs/usr/lib/arm-linux-gnueabihf CMakeFiles/cmTC_e9289.dir/CMakeCCompilerABI.c.o -lgcc --as-needed -lgcc_s --no-as-needed -lc -lgcc --as-needed -lgcc_s --no-as-needed /home/zach/rpi/tools/arm-bcm2708/gcc-linaro-arm-linux-gnueabihf-raspbian-x64/bin/../lib/gcc/arm-linux-gnueabihf/4.8.3/crtend.o /home/zach/rpi/rootfs/usr/lib/arm-linux-gnueabihf/crtn.o]
    arg [/home/zach/rpi/tools/arm-bcm2708/gcc-linaro-arm-linux-gnueabihf-raspbian-x64/bin/../libexec/gcc/arm-linux-gnueabihf/4.8.3/collect2] ==> ignore
    arg [--sysroot=/home/zach/rpi/rootfs] ==> ignore
    arg [--build-id] ==> ignore
    arg [--eh-frame-hdr] ==> ignore
    arg [-export-dynamic] ==> ignore
    arg [-dynamic-linker] ==> ignore
    arg [/lib/ld-linux-armhf.so.3] ==> ignore
    arg [-X] ==> ignore
    arg [-m] ==> ignore
    arg [armelf_linux_eabi] ==> ignore
    arg [-o] ==> ignore
    arg [cmTC_e9289] ==> ignore
    arg [/home/zach/rpi/rootfs/usr/lib/arm-linux-gnueabihf/crt1.o] ==> ignore
    arg [/home/zach/rpi/rootfs/usr/lib/arm-linux-gnueabihf/crti.o] ==> ignore
    arg [/home/zach/rpi/tools/arm-bcm2708/gcc-linaro-arm-linux-gnueabihf-raspbian-x64/bin/../lib/gcc/arm-linux-gnueabihf/4.8.3/crtbegin.o] ==> ignore
    arg [-L/home/zach/rpi/tools/arm-bcm2708/gcc-linaro-arm-linux-gnueabihf-raspbian-x64/bin/../lib/gcc/arm-linux-gnueabihf/4.8.3] ==> dir [/home/zach/rpi/tools/arm-bcm2708/gcc-linaro-arm-linux-gnueabihf-raspbian-x64/bin/../lib/gcc/arm-linux-gnueabihf/4.8.3]
    arg [-L/home/zach/rpi/tools/arm-bcm2708/gcc-linaro-arm-linux-gnueabihf-raspbian-x64/bin/../lib/gcc/arm-linux-gnueabihf] ==> dir [/home/zach/rpi/tools/arm-bcm2708/gcc-linaro-arm-linux-gnueabihf-raspbian-x64/bin/../lib/gcc/arm-linux-gnueabihf]
    arg [-L/home/zach/rpi/tools/arm-bcm2708/gcc-linaro-arm-linux-gnueabihf-raspbian-x64/bin/../lib/gcc] ==> dir [/home/zach/rpi/tools/arm-bcm2708/gcc-linaro-arm-linux-gnueabihf-raspbian-x64/bin/../lib/gcc]
    arg [-L/home/zach/rpi/tools/arm-bcm2708/gcc-linaro-arm-linux-gnueabihf-raspbian-x64/bin/../lib/gcc/arm-linux-gnueabihf] ==> dir [/home/zach/rpi/tools/arm-bcm2708/gcc-linaro-arm-linux-gnueabihf-raspbian-x64/bin/../lib/gcc/arm-linux-gnueabihf]
    arg [-L/home/zach/rpi/tools/arm-bcm2708/gcc-linaro-arm-linux-gnueabihf-raspbian-x64/bin/../lib/gcc/arm-linux-gnueabihf/4.8.3/../../../../arm-linux-gnueabihf/lib] ==> dir [/home/zach/rpi/tools/arm-bcm2708/gcc-linaro-arm-linux-gnueabihf-raspbian-x64/bin/../lib/gcc/arm-linux-gnueabihf/4.8.3/../../../../arm-linux-gnueabihf/lib]
    arg [-L/home/zach/rpi/rootfs/lib/arm-linux-gnueabihf] ==> dir [/home/zach/rpi/rootfs/lib/arm-linux-gnueabihf]
    arg [-L/home/zach/rpi/rootfs/lib] ==> dir [/home/zach/rpi/rootfs/lib]
    arg [-L/home/zach/rpi/rootfs/lib/arm-linux-gnueabihf] ==> dir [/home/zach/rpi/rootfs/lib/arm-linux-gnueabihf]
    arg [-L/home/zach/rpi/rootfs/usr/lib/arm-linux-gnueabihf] ==> dir [/home/zach/rpi/rootfs/usr/lib/arm-linux-gnueabihf]
    arg [-L/home/zach/rpi/rootfs/usr/lib] ==> dir [/home/zach/rpi/rootfs/usr/lib]
    arg [-L/home/zach/rpi/rootfs/usr/lib/arm-linux-gnueabihf] ==> dir [/home/zach/rpi/rootfs/usr/lib/arm-linux-gnueabihf]
    arg [CMakeFiles/cmTC_e9289.dir/CMakeCCompilerABI.c.o] ==> ignore
    arg [-lgcc] ==> lib [gcc]
    arg [--as-needed] ==> ignore
    arg [-lgcc_s] ==> lib [gcc_s]
    arg [--no-as-needed] ==> ignore
    arg [-lc] ==> lib [c]
    arg [-lgcc] ==> lib [gcc]
    arg [--as-needed] ==> ignore
    arg [-lgcc_s] ==> lib [gcc_s]
    arg [--no-as-needed] ==> ignore
    arg [/home/zach/rpi/tools/arm-bcm2708/gcc-linaro-arm-linux-gnueabihf-raspbian-x64/bin/../lib/gcc/arm-linux-gnueabihf/4.8.3/crtend.o] ==> ignore
    arg [/home/zach/rpi/rootfs/usr/lib/arm-linux-gnueabihf/crtn.o] ==> ignore
  remove lib [gcc]
  remove lib [gcc_s]
  remove lib [gcc]
  remove lib [gcc_s]
  collapse library dir [/home/zach/rpi/tools/arm-bcm2708/gcc-linaro-arm-linux-gnueabihf-raspbian-x64/bin/../lib/gcc/arm-linux-gnueabihf/4.8.3] ==> [/home/zach/rpi/tools/arm-bcm2708/gcc-linaro-arm-linux-gnueabihf-raspbian-x64/lib/gcc/arm-linux-gnueabihf/4.8.3]
  collapse library dir [/home/zach/rpi/tools/arm-bcm2708/gcc-linaro-arm-linux-gnueabihf-raspbian-x64/bin/../lib/gcc/arm-linux-gnueabihf] ==> [/home/zach/rpi/tools/arm-bcm2708/gcc-linaro-arm-linux-gnueabihf-raspbian-x64/lib/gcc/arm-linux-gnueabihf]
  collapse library dir [/home/zach/rpi/tools/arm-bcm2708/gcc-linaro-arm-linux-gnueabihf-raspbian-x64/bin/../lib/gcc] ==> [/home/zach/rpi/tools/arm-bcm2708/gcc-linaro-arm-linux-gnueabihf-raspbian-x64/lib/gcc]
  collapse library dir [/home/zach/rpi/tools/arm-bcm2708/gcc-linaro-arm-linux-gnueabihf-raspbian-x64/bin/../lib/gcc/arm-linux-gnueabihf] ==> [/home/zach/rpi/tools/arm-bcm2708/gcc-linaro-arm-linux-gnueabihf-raspbian-x64/lib/gcc/arm-linux-gnueabihf]
  collapse library dir [/home/zach/rpi/tools/arm-bcm2708/gcc-linaro-arm-linux-gnueabihf-raspbian-x64/bin/../lib/gcc/arm-linux-gnueabihf/4.8.3/../../../../arm-linux-gnueabihf/lib] ==> [/home/zach/rpi/tools/arm-bcm2708/gcc-linaro-arm-linux-gnueabihf-raspbian-x64/arm-linux-gnueabihf/lib]
  collapse library dir [/home/zach/rpi/rootfs/lib/arm-linux-gnueabihf] ==> [/home/zach/rpi/rootfs/lib/arm-linux-gnueabihf]
  collapse library dir [/home/zach/rpi/rootfs/lib] ==> [/home/zach/rpi/rootfs/lib]
  collapse library dir [/home/zach/rpi/rootfs/lib/arm-linux-gnueabihf] ==> [/home/zach/rpi/rootfs/lib/arm-linux-gnueabihf]
  collapse library dir [/home/zach/rpi/rootfs/usr/lib/arm-linux-gnueabihf] ==> [/home/zach/rpi/rootfs/usr/lib/arm-linux-gnueabihf]
  collapse library dir [/home/zach/rpi/rootfs/usr/lib] ==> [/home/zach/rpi/rootfs/usr/lib]
  collapse library dir [/home/zach/rpi/rootfs/usr/lib/arm-linux-gnueabihf] ==> [/home/zach/rpi/rootfs/usr/lib/arm-linux-gnueabihf]
  implicit libs: [c]
  implicit dirs: [/home/zach/rpi/tools/arm-bcm2708/gcc-linaro-arm-linux-gnueabihf-raspbian-x64/lib/gcc/arm-linux-gnueabihf/4.8.3;/home/zach/rpi/tools/arm-bcm2708/gcc-linaro-arm-linux-gnueabihf-raspbian-x64/lib/gcc/arm-linux-gnueabihf;/home/zach/rpi/tools/arm-bcm2708/gcc-linaro-arm-linux-gnueabihf-raspbian-x64/lib/gcc;/home/zach/rpi/tools/arm-bcm2708/gcc-linaro-arm-linux-gnueabihf-raspbian-x64/arm-linux-gnueabihf/lib;/home/zach/rpi/rootfs/lib/arm-linux-gnueabihf;/home/zach/rpi/rootfs/lib;/home/zach/rpi/rootfs/usr/lib/arm-linux-gnueabihf;/home/zach/rpi/rootfs/usr/lib]
  implicit fwks: []




Detecting C [-std=c11] compiler features compiled with the following output:
Change Dir: /home/zach/Documents/personal/k-d_tree/build/rpi/bin/CMakeFiles/CMakeTmp

Run Build Command:"/usr/bin/make" "cmTC_e46b6/fast"
make[3]: Entering directory '/home/zach/Documents/personal/k-d_tree/build/rpi/bin/CMakeFiles/CMakeTmp'
/usr/bin/make -f CMakeFiles/cmTC_e46b6.dir/build.make CMakeFiles/cmTC_e46b6.dir/build
make[4]: Entering directory '/home/zach/Documents/personal/k-d_tree/build/rpi/bin/CMakeFiles/CMakeTmp'
Building C object CMakeFiles/cmTC_e46b6.dir/feature_tests.c.o
/home/zach/rpi/tools/arm-bcm2708/gcc-linaro-arm-linux-gnueabihf-raspbian-x64/bin/arm-linux-gnueabihf-gcc  --sysroot=/home/zach/rpi/rootfs   -std=c11 -o CMakeFiles/cmTC_e46b6.dir/feature_tests.c.o   -c /home/zach/Documents/personal/k-d_tree/build/rpi/bin/CMakeFiles/feature_tests.c
Linking C executable cmTC_e46b6
/usr/bin/cmake -E cmake_link_script CMakeFiles/cmTC_e46b6.dir/link.txt --verbose=1
/home/zach/rpi/tools/arm-bcm2708/gcc-linaro-arm-linux-gnueabihf-raspbian-x64/bin/arm-linux-gnueabihf-gcc  --sysroot=/home/zach/rpi/rootfs      CMakeFiles/cmTC_e46b6.dir/feature_tests.c.o  -o cmTC_e46b6 -rdynamic 
make[4]: Leaving directory '/home/zach/Documents/personal/k-d_tree/build/rpi/bin/CMakeFiles/CMakeTmp'
make[3]: Leaving directory '/home/zach/Documents/personal/k-d_tree/build/rpi/bin/CMakeFiles/CMakeTmp'


    Feature record: C_FEATURE:1c_function_prototypes
    Feature record: C_FEATURE:1c_restrict
    Feature record: C_FEATURE:1c_static_assert
    Feature record: C_FEATURE:1c_variadic_macros


Detecting C [-std=c99] compiler features compiled with the following output:
Change Dir: /home/zach/Documents/personal/k-d_tree/build/rpi/bin/CMakeFiles/CMakeTmp

Run Build Command:"/usr/bin/make" "cmTC_d66cf/fast"
make[3]: Entering directory '/home/zach/Documents/personal/k-d_tree/build/rpi/bin/CMakeFiles/CMakeTmp'
/usr/bin/make -f CMakeFiles/cmTC_d66cf.dir/build.make CMakeFiles/cmTC_d66cf.dir/build
make[4]: Entering directory '/home/zach/Documents/personal/k-d_tree/build/rpi/bin/CMakeFiles/CMakeTmp'
Building C object CMakeFiles/cmTC_d66cf.dir/feature_tests.c.o
/home/zach/rpi/tools/arm-bcm2708/gcc-linaro-arm-linux-gnueabihf-raspbian-x64/bin/arm-linux-gnueabihf-gcc  --sysroot=/home/zach/rpi/rootfs   -std=c99 -o CMakeFiles/cmTC_d66cf.dir/feature_tests.c.o   -c /home/zach/Documents/personal/k-d_tree/build/rpi/bin/CMakeFiles/feature_tests.c
Linking C executable cmTC_d66cf
/usr/bin/cmake -E cmake_link_script CMakeFiles/cmTC_d66cf.dir/link.txt --verbose=1
/home/zach/rpi/tools/arm-bcm2708/gcc-linaro-arm-linux-gnueabihf-raspbian-x64/bin/arm-linux-gnueabihf-gcc  --sysroot=/home/zach/rpi/rootfs      CMakeFiles/cmTC_d66cf.dir/feature_tests.c.o  -o cmTC_d66cf -rdynamic 
make[4]: Leaving directory '/home/zach/Documents/personal/k-d_tree/build/rpi/bin/CMakeFiles/CMakeTmp'
make[3]: Leaving directory '/home/zach/Documents/personal/k-d_tree/build/rpi/bin/CMakeFiles/CMakeTmp'


    Feature record: C_FEATURE:1c_function_prototypes
    Feature record: C_FEATURE:1c_restrict
    Feature record: C_FEATURE:0c_static_assert
    Feature record: C_FEATURE:1c_variadic_macros


Detecting C [-std=c90] compiler features compiled with the following output:
Change Dir: /home/zach/Documents/personal/k-d_tree/build/rpi/bin/CMakeFiles/CMakeTmp

Run Build Command:"/usr/bin/make" "cmTC_40612/fast"
make[3]: Entering directory '/home/zach/Documents/personal/k-d_tree/build/rpi/bin/CMakeFiles/CMakeTmp'
/usr/bin/make -f CMakeFiles/cmTC_40612.dir/build.make CMakeFiles/cmTC_40612.dir/build
make[4]: Entering directory '/home/zach/Documents/personal/k-d_tree/build/rpi/bin/CMakeFiles/CMakeTmp'
Building C object CMakeFiles/cmTC_40612.dir/feature_tests.c.o
/home/zach/rpi/tools/arm-bcm2708/gcc-linaro-arm-linux-gnueabihf-raspbian-x64/bin/arm-linux-gnueabihf-gcc  --sysroot=/home/zach/rpi/rootfs   -std=c90 -o CMakeFiles/cmTC_40612.dir/feature_tests.c.o   -c /home/zach/Documents/personal/k-d_tree/build/rpi/bin/CMakeFiles/feature_tests.c
Linking C executable cmTC_40612
/usr/bin/cmake -E cmake_link_script CMakeFiles/cmTC_40612.dir/link.txt --verbose=1
/home/zach/rpi/tools/arm-bcm2708/gcc-linaro-arm-linux-gnueabihf-raspbian-x64/bin/arm-linux-gnueabihf-gcc  --sysroot=/home/zach/rpi/rootfs      CMakeFiles/cmTC_40612.dir/feature_tests.c.o  -o cmTC_40612 -rdynamic 
make[4]: Leaving directory '/home/zach/Documents/personal/k-d_tree/build/rpi/bin/CMakeFiles/CMakeTmp'
make[3]: Leaving directory '/home/zach/Documents/personal/k-d_tree/build/rpi/bin/CMakeFiles/CMakeTmp'


    Feature record: C_FEATURE:1c_function_prototypes
    Feature record: C_FEATURE:0c_restrict
    Feature record: C_FEATURE:0c_static_assert
    Feature record: C_FEATURE:0c_variadic_macros
Determining if the CXX compiler works passed with the following output:
Change Dir: /home/zach/Documents/personal/k-d_tree/build/rpi/bin/CMakeFiles/CMakeTmp

Run Build Command:"/usr/bin/make" "cmTC_daf47/fast"
make[3]: Entering directory '/home/zach/Documents/personal/k-d_tree/build/rpi/bin/CMakeFiles/CMakeTmp'
/usr/bin/make -f CMakeFiles/cmTC_daf47.dir/build.make CMakeFiles/cmTC_daf47.dir/build
make[4]: Entering directory '/home/zach/Documents/personal/k-d_tree/build/rpi/bin/CMakeFiles/CMakeTmp'
Building CXX object CMakeFiles/cmTC_daf47.dir/testCXXCompiler.cxx.o
/home/zach/rpi/tools/arm-bcm2708/gcc-linaro-arm-linux-gnueabihf-raspbian-x64/bin/arm-linux-gnueabihf-g++  --sysroot=/home/zach/rpi/rootfs     -o CMakeFiles/cmTC_daf47.dir/testCXXCompiler.cxx.o -c /home/zach/Documents/personal/k-d_tree/build/rpi/bin/CMakeFiles/CMakeTmp/testCXXCompiler.cxx
Linking CXX executable cmTC_daf47
/usr/bin/cmake -E cmake_link_script CMakeFiles/cmTC_daf47.dir/link.txt --verbose=1
/home/zach/rpi/tools/arm-bcm2708/gcc-linaro-arm-linux-gnueabihf-raspbian-x64/bin/arm-linux-gnueabihf-g++  --sysroot=/home/zach/rpi/rootfs       CMakeFiles/cmTC_daf47.dir/testCXXCompiler.cxx.o  -o cmTC_daf47 -rdynamic 
make[4]: Leaving directory '/home/zach/Documents/personal/k-d_tree/build/rpi/bin/CMakeFiles/CMakeTmp'
make[3]: Leaving directory '/home/zach/Documents/personal/k-d_tree/build/rpi/bin/CMakeFiles/CMakeTmp'


Detecting CXX compiler ABI info compiled with the following output:
Change Dir: /home/zach/Documents/personal/k-d_tree/build/rpi/bin/CMakeFiles/CMakeTmp

Run Build Command:"/usr/bin/make" "cmTC_5f2e6/fast"
make[3]: Entering directory '/home/zach/Documents/personal/k-d_tree/build/rpi/bin/CMakeFiles/CMakeTmp'
/usr/bin/make -f CMakeFiles/cmTC_5f2e6.dir/build.make CMakeFiles/cmTC_5f2e6.dir/build
make[4]: Entering directory '/home/zach/Documents/personal/k-d_tree/build/rpi/bin/CMakeFiles/CMakeTmp'
Building CXX object CMakeFiles/cmTC_5f2e6.dir/CMakeCXXCompilerABI.cpp.o
/home/zach/rpi/tools/arm-bcm2708/gcc-linaro-arm-linux-gnueabihf-raspbian-x64/bin/arm-linux-gnueabihf-g++  --sysroot=/home/zach/rpi/rootfs     -o CMakeFiles/cmTC_5f2e6.dir/CMakeCXXCompilerABI.cpp.o -c /usr/share/cmake-3.5/Modules/CMakeCXXCompilerABI.cpp
Linking CXX executable cmTC_5f2e6
/usr/bin/cmake -E cmake_link_script CMakeFiles/cmTC_5f2e6.dir/link.txt --verbose=1
/home/zach/rpi/tools/arm-bcm2708/gcc-linaro-arm-linux-gnueabihf-raspbian-x64/bin/arm-linux-gnueabihf-g++  --sysroot=/home/zach/rpi/rootfs      -v CMakeFiles/cmTC_5f2e6.dir/CMakeCXXCompilerABI.cpp.o  -o cmTC_5f2e6 -rdynamic  
Using built-in specs.
COLLECT_GCC=/home/zach/rpi/tools/arm-bcm2708/gcc-linaro-arm-linux-gnueabihf-raspbian-x64/bin/arm-linux-gnueabihf-g++
COLLECT_LTO_WRAPPER=/home/zach/rpi/tools/arm-bcm2708/gcc-linaro-arm-linux-gnueabihf-raspbian-x64/bin/../libexec/gcc/arm-linux-gnueabihf/4.8.3/lto-wrapper
Target: arm-linux-gnueabihf
Configured with: /home/zhehe01/work/bzr/pi-build/builds/arm-linux-gnueabihf-raspbian-linux/.build/src/gcc-linaro-4.8-2014.03/configure --build=x86_64-build_unknown-linux-gnu --host=x86_64-build_unknown-linux-gnu --target=arm-linux-gnueabihf --prefix=/home/zhehe01/work/bzr/pi-build/builds/arm-linux-gnueabihf-raspbian-linux/install --with-sysroot=/home/zhehe01/work/bzr/pi-build/builds/arm-linux-gnueabihf-raspbian-linux/install/arm-linux-gnueabihf/libc --enable-languages=c,c++,fortran --disable-multilib --enable-multiarch --with-arch=armv6 --with-tune=arm1176jz-s --with-fpu=vfp --with-float=hard --with-pkgversion='crosstool-NG linaro-1.13.1+bzr2650 - Linaro GCC 2014.03' --with-bugurl=https://bugs.launchpad.net/gcc-linaro --enable-__cxa_atexit --enable-libmudflap --enable-libgomp --enable-libssp --with-gmp=/home/zhehe01/work/bzr/pi-build/builds/arm-linux-gnueabihf-raspbian-linux/.build/arm-linux-gnueabihf/build/static --with-mpfr=/home/zhehe01/work/bzr/pi-build/builds/arm-linux-gnueabihf-raspbian-linux/.build/arm-linux-gnueabihf/build/static --with-mpc=/home/zhehe01/work/bzr/pi-build/builds/arm-linux-gnueabihf-raspbian-linux/.build/arm-linux-gnueabihf/build/static --with-isl=/home/zhehe01/work/bzr/pi-build/builds/arm-linux-gnueabihf-raspbian-linux/.build/arm-linux-gnueabihf/build/static --with-cloog=/home/zhehe01/work/bzr/pi-build/builds/arm-linux-gnueabihf-raspbian-linux/.build/arm-linux-gnueabihf/build/static --with-libelf=/home/zhehe01/work/bzr/pi-build/builds/arm-linux-gnueabihf-raspbian-linux/.build/arm-linux-gnueabihf/build/static --enable-threads=posix --disable-libstdcxx-pch --enable-linker-build-id --enable-plugin --enable-gold --with-local-prefix=/home/zhehe01/work/bzr/pi-build/builds/arm-linux-gnueabihf-raspbian-linux/install/arm-linux-gnueabihf/libc --enable-c99 --enable-long-long --with-float=hard
Thread model: posix
gcc version 4.8.3 20140303 (prerelease) (crosstool-NG linaro-1.13.1+bzr2650 - Linaro GCC 2014.03) 
COMPILER_PATH=/home/zach/rpi/tools/arm-bcm2708/gcc-linaro-arm-linux-gnueabihf-raspbian-x64/bin/../libexec/gcc/arm-linux-gnueabihf/4.8.3/:/home/zach/rpi/tools/arm-bcm2708/gcc-linaro-arm-linux-gnueabihf-raspbian-x64/bin/../libexec/gcc/arm-linux-gnueabihf/:/home/zach/rpi/tools/arm-bcm2708/gcc-linaro-arm-linux-gnueabihf-raspbian-x64/bin/../libexec/gcc/:/home/zach/rpi/tools/arm-bcm2708/gcc-linaro-arm-linux-gnueabihf-raspbian-x64/bin/../libexec/gcc/arm-linux-gnueabihf/:/home/zach/rpi/tools/arm-bcm2708/gcc-linaro-arm-linux-gnueabihf-raspbian-x64/bin/../lib/gcc/arm-linux-gnueabihf/4.8.3/../../../../arm-linux-gnueabihf/bin/
LIBRARY_PATH=/home/zach/rpi/tools/arm-bcm2708/gcc-linaro-arm-linux-gnueabihf-raspbian-x64/bin/../lib/gcc/arm-linux-gnueabihf/4.8.3/:/home/zach/rpi/tools/arm-bcm2708/gcc-linaro-arm-linux-gnueabihf-raspbian-x64/bin/../lib/gcc/arm-linux-gnueabihf/:/home/zach/rpi/tools/arm-bcm2708/gcc-linaro-arm-linux-gnueabihf-raspbian-x64/bin/../lib/gcc/:/home/zach/rpi/tools/arm-bcm2708/gcc-linaro-arm-linux-gnueabihf-raspbian-x64/bin/../lib/gcc/arm-linux-gnueabihf/:/home/zach/rpi/tools/arm-bcm2708/gcc-linaro-arm-linux-gnueabihf-raspbian-x64/bin/../lib/gcc/arm-linux-gnueabihf/4.8.3/../../../../arm-linux-gnueabihf/lib/:/home/zach/rpi/rootfs/lib/arm-linux-gnueabihf/:/home/zach/rpi/rootfs/lib/:/home/zach/rpi/rootfs/lib/arm-linux-gnueabihf/:/home/zach/rpi/rootfs/usr/lib/arm-linux-gnueabihf/:/home/zach/rpi/rootfs/usr/lib/:/home/zach/rpi/rootfs/usr/lib/arm-linux-gnueabihf/
COLLECT_GCC_OPTIONS='-v' '-o' 'cmTC_5f2e6' '-rdynamic' '-shared-libgcc' '-march=armv6' '-mtune=arm1176jz-s' '-mfloat-abi=hard' '-mfpu=vfp' '-mtls-dialect=gnu'
 /home/zach/rpi/tools/arm-bcm2708/gcc-linaro-arm-linux-gnueabihf-raspbian-x64/bin/../libexec/gcc/arm-linux-gnueabihf/4.8.3/collect2 --sysroot=/home/zach/rpi/rootfs --build-id --eh-frame-hdr -export-dynamic -dynamic-linker /lib/ld-linux-armhf.so.3 -X -m armelf_linux_eabi -o cmTC_5f2e6 /home/zach/rpi/rootfs/usr/lib/arm-linux-gnueabihf/crt1.o /home/zach/rpi/rootfs/usr/lib/arm-linux-gnueabihf/crti.o /home/zach/rpi/tools/arm-bcm2708/gcc-linaro-arm-linux-gnueabihf-raspbian-x64/bin/../lib/gcc/arm-linux-gnueabihf/4.8.3/crtbegin.o -L/home/zach/rpi/tools/arm-bcm2708/gcc-linaro-arm-linux-gnueabihf-raspbian-x64/bin/../lib/gcc/arm-linux-gnueabihf/4.8.3 -L/home/zach/rpi/tools/arm-bcm2708/gcc-linaro-arm-linux-gnueabihf-raspbian-x64/bin/../lib/gcc/arm-linux-gnueabihf -L/home/zach/rpi/tools/arm-bcm2708/gcc-linaro-arm-linux-gnueabihf-raspbian-x64/bin/../lib/gcc -L/home/zach/rpi/tools/arm-bcm2708/gcc-linaro-arm-linux-gnueabihf-raspbian-x64/bin/../lib/gcc/arm-linux-gnueabihf -L/home/zach/rpi/tools/arm-bcm2708/gcc-linaro-arm-linux-gnueabihf-raspbian-x64/bin/../lib/gcc/arm-linux-gnueabihf/4.8.3/../../../../arm-linux-gnueabihf/lib -L/home/zach/rpi/rootfs/lib/arm-linux-gnueabihf -L/home/zach/rpi/rootfs/lib -L/home/zach/rpi/rootfs/lib/arm-linux-gnueabihf -L/home/zach/rpi/rootfs/usr/lib/arm-linux-gnueabihf -L/home/zach/rpi/rootfs/usr/lib -L/home/zach/rpi/rootfs/usr/lib/arm-linux-gnueabihf CMakeFiles/cmTC_5f2e6.dir/CMakeCXXCompilerABI.cpp.o -lstdc++ -lm -lgcc_s -lgcc -lc -lgcc_s -lgcc /home/zach/rpi/tools/arm-bcm2708/gcc-linaro-arm-linux-gnueabihf-raspbian-x64/bin/../lib/gcc/arm-linux-gnueabihf/4.8.3/crtend.o /home/zach/rpi/rootfs/usr/lib/arm-linux-gnueabihf/crtn.o
make[4]: Leaving directory '/home/zach/Documents/personal/k-d_tree/build/rpi/bin/CMakeFiles/CMakeTmp'
make[3]: Leaving directory '/home/zach/Documents/personal/k-d_tree/build/rpi/bin/CMakeFiles/CMakeTmp'


Parsed CXX implicit link information from above output:
  link line regex: [^( *|.*[/\])(arm-linux-gnueabihf-ld|([^/\]+-)?ld|collect2)[^/\]*( |$)]
  ignore line: [Change Dir: /home/zach/Documents/personal/k-d_tree/build/rpi/bin/CMakeFiles/CMakeTmp]
  ignore line: []
  ignore line: [Run Build Command:"/usr/bin/make" "cmTC_5f2e6/fast"]
  ignore line: [make[3]: Entering directory '/home/zach/Documents/personal/k-d_tree/build/rpi/bin/CMakeFiles/CMakeTmp']
  ignore line: [/usr/bin/make -f CMakeFiles/cmTC_5f2e6.dir/build.make CMakeFiles/cmTC_5f2e6.dir/build]
  ignore line: [make[4]: Entering directory '/home/zach/Documents/personal/k-d_tree/build/rpi/bin/CMakeFiles/CMakeTmp']
  ignore line: [Building CXX object CMakeFiles/cmTC_5f2e6.dir/CMakeCXXCompilerABI.cpp.o]
  ignore line: [/home/zach/rpi/tools/arm-bcm2708/gcc-linaro-arm-linux-gnueabihf-raspbian-x64/bin/arm-linux-gnueabihf-g++  --sysroot=/home/zach/rpi/rootfs     -o CMakeFiles/cmTC_5f2e6.dir/CMakeCXXCompilerABI.cpp.o -c /usr/share/cmake-3.5/Modules/CMakeCXXCompilerABI.cpp]
  ignore line: [Linking CXX executable cmTC_5f2e6]
  ignore line: [/usr/bin/cmake -E cmake_link_script CMakeFiles/cmTC_5f2e6.dir/link.txt --verbose=1]
  ignore line: [/home/zach/rpi/tools/arm-bcm2708/gcc-linaro-arm-linux-gnueabihf-raspbian-x64/bin/arm-linux-gnueabihf-g++  --sysroot=/home/zach/rpi/rootfs      -v CMakeFiles/cmTC_5f2e6.dir/CMakeCXXCompilerABI.cpp.o  -o cmTC_5f2e6 -rdynamic  ]
  ignore line: [Using built-in specs.]
  ignore line: [COLLECT_GCC=/home/zach/rpi/tools/arm-bcm2708/gcc-linaro-arm-linux-gnueabihf-raspbian-x64/bin/arm-linux-gnueabihf-g++]
  ignore line: [COLLECT_LTO_WRAPPER=/home/zach/rpi/tools/arm-bcm2708/gcc-linaro-arm-linux-gnueabihf-raspbian-x64/bin/../libexec/gcc/arm-linux-gnueabihf/4.8.3/lto-wrapper]
  ignore line: [Target: arm-linux-gnueabihf]
  ignore line: [Configured with: /home/zhehe01/work/bzr/pi-build/builds/arm-linux-gnueabihf-raspbian-linux/.build/src/gcc-linaro-4.8-2014.03/configure --build=x86_64-build_unknown-linux-gnu --host=x86_64-build_unknown-linux-gnu --target=arm-linux-gnueabihf --prefix=/home/zhehe01/work/bzr/pi-build/builds/arm-linux-gnueabihf-raspbian-linux/install --with-sysroot=/home/zhehe01/work/bzr/pi-build/builds/arm-linux-gnueabihf-raspbian-linux/install/arm-linux-gnueabihf/libc --enable-languages=c,c++,fortran --disable-multilib --enable-multiarch --with-arch=armv6 --with-tune=arm1176jz-s --with-fpu=vfp --with-float=hard --with-pkgversion='crosstool-NG linaro-1.13.1+bzr2650 - Linaro GCC 2014.03' --with-bugurl=https://bugs.launchpad.net/gcc-linaro --enable-__cxa_atexit --enable-libmudflap --enable-libgomp --enable-libssp --with-gmp=/home/zhehe01/work/bzr/pi-build/builds/arm-linux-gnueabihf-raspbian-linux/.build/arm-linux-gnueabihf/build/static --with-mpfr=/home/zhehe01/work/bzr/pi-build/builds/arm-linux-gnueabihf-raspbian-linux/.build/arm-linux-gnueabihf/build/static --with-mpc=/home/zhehe01/work/bzr/pi-build/builds/arm-linux-gnueabihf-raspbian-linux/.build/arm-linux-gnueabihf/build/static --with-isl=/home/zhehe01/work/bzr/pi-build/builds/arm-linux-gnueabihf-raspbian-linux/.build/arm-linux-gnueabihf/build/static --with-cloog=/home/zhehe01/work/bzr/pi-build/builds/arm-linux-gnueabihf-raspbian-linux/.build/arm-linux-gnueabihf/build/static --with-libelf=/home/zhehe01/work/bzr/pi-build/builds/arm-linux-gnueabihf-raspbian-linux/.build/arm-linux-gnueabihf/build/static --enable-threads=posix --disable-libstdcxx-pch --enable-linker-build-id --enable-plugin --enable-gold --with-local-prefix=/home/zhehe01/work/bzr/pi-build/builds/arm-linux-gnueabihf-raspbian-linux/install/arm-linux-gnueabihf/libc --enable-c99 --enable-long-long --with-float=hard]
  ignore line: [Thread model: posix]
  ignore line: [gcc version 4.8.3 20140303 (prerelease) (crosstool-NG linaro-1.13.1+bzr2650 - Linaro GCC 2014.03) ]
  ignore line: [COMPILER_PATH=/home/zach/rpi/tools/arm-bcm2708/gcc-linaro-arm-linux-gnueabihf-raspbian-x64/bin/../libexec/gcc/arm-linux-gnueabihf/4.8.3/:/home/zach/rpi/tools/arm-bcm2708/gcc-linaro-arm-linux-gnueabihf-raspbian-x64/bin/../libexec/gcc/arm-linux-gnueabihf/:/home/zach/rpi/tools/arm-bcm2708/gcc-linaro-arm-linux-gnueabihf-raspbian-x64/bin/../libexec/gcc/:/home/zach/rpi/tools/arm-bcm2708/gcc-linaro-arm-linux-gnueabihf-raspbian-x64/bin/../libexec/gcc/arm-linux-gnueabihf/:/home/zach/rpi/tools/arm-bcm2708/gcc-linaro-arm-linux-gnueabihf-raspbian-x64/bin/../lib/gcc/arm-linux-gnueabihf/4.8.3/../../../../arm-linux-gnueabihf/bin/]
  ignore line: [LIBRARY_PATH=/home/zach/rpi/tools/arm-bcm2708/gcc-linaro-arm-linux-gnueabihf-raspbian-x64/bin/../lib/gcc/arm-linux-gnueabihf/4.8.3/:/home/zach/rpi/tools/arm-bcm2708/gcc-linaro-arm-linux-gnueabihf-raspbian-x64/bin/../lib/gcc/arm-linux-gnueabihf/:/home/zach/rpi/tools/arm-bcm2708/gcc-linaro-arm-linux-gnueabihf-raspbian-x64/bin/../lib/gcc/:/home/zach/rpi/tools/arm-bcm2708/gcc-linaro-arm-linux-gnueabihf-raspbian-x64/bin/../lib/gcc/arm-linux-gnueabihf/:/home/zach/rpi/tools/arm-bcm2708/gcc-linaro-arm-linux-gnueabihf-raspbian-x64/bin/../lib/gcc/arm-linux-gnueabihf/4.8.3/../../../../arm-linux-gnueabihf/lib/:/home/zach/rpi/rootfs/lib/arm-linux-gnueabihf/:/home/zach/rpi/rootfs/lib/:/home/zach/rpi/rootfs/lib/arm-linux-gnueabihf/:/home/zach/rpi/rootfs/usr/lib/arm-linux-gnueabihf/:/home/zach/rpi/rootfs/usr/lib/:/home/zach/rpi/rootfs/usr/lib/arm-linux-gnueabihf/]
  ignore line: [COLLECT_GCC_OPTIONS='-v' '-o' 'cmTC_5f2e6' '-rdynamic' '-shared-libgcc' '-march=armv6' '-mtune=arm1176jz-s' '-mfloat-abi=hard' '-mfpu=vfp' '-mtls-dialect=gnu']
  link line: [ /home/zach/rpi/tools/arm-bcm2708/gcc-linaro-arm-linux-gnueabihf-raspbian-x64/bin/../libexec/gcc/arm-linux-gnueabihf/4.8.3/collect2 --sysroot=/home/zach/rpi/rootfs --build-id --eh-frame-hdr -export-dynamic -dynamic-linker /lib/ld-linux-armhf.so.3 -X -m armelf_linux_eabi -o cmTC_5f2e6 /home/zach/rpi/rootfs/usr/lib/arm-linux-gnueabihf/crt1.o /home/zach/rpi/rootfs/usr/lib/arm-linux-gnueabihf/crti.o /home/zach/rpi/tools/arm-bcm2708/gcc-linaro-arm-linux-gnueabihf-raspbian-x64/bin/../lib/gcc/arm-linux-gnueabihf/4.8.3/crtbegin.o -L/home/zach/rpi/tools/arm-bcm2708/gcc-linaro-arm-linux-gnueabihf-raspbian-x64/bin/../lib/gcc/arm-linux-gnueabihf/4.8.3 -L/home/zach/rpi/tools/arm-bcm2708/gcc-linaro-arm-linux-gnueabihf-raspbian-x64/bin/../lib/gcc/arm-linux-gnueabihf -L/home/zach/rpi/tools/arm-bcm2708/gcc-linaro-arm-linux-gnueabihf-raspbian-x64/bin/../lib/gcc -L/home/zach/rpi/tools/arm-bcm2708/gcc-linaro-arm-linux-gnueabihf-raspbian-x64/bin/../lib/gcc/arm-linux-gnueabihf -L/home/zach/rpi/tools/arm-bcm2708/gcc-linaro-arm-linux-gnueabihf-raspbian-x64/bin/../lib/gcc/arm-linux-gnueabihf/4.8.3/../../../../arm-linux-gnueabihf/lib -L/home/zach/rpi/rootfs/lib/arm-linux-gnueabihf -L/home/zach/rpi/rootfs/lib -L/home/zach/rpi/rootfs/lib/arm-linux-gnueabihf -L/home/zach/rpi/rootfs/usr/lib/arm-linux-gnueabihf -L/home/zach/rpi/rootfs/usr/lib -L/home/zach/rpi/rootfs/usr/lib/arm-linux-gnueabihf CMakeFiles/cmTC_5f2e6.dir/CMakeCXXCompilerABI.cpp.o -lstdc++ -lm -lgcc_s -lgcc -lc -lgcc_s -lgcc /home/zach/rpi/tools/arm-bcm2708/gcc-linaro-arm-linux-gnueabihf-raspbian-x64/bin/../lib/gcc/arm-linux-gnueabihf/4.8.3/crtend.o /home/zach/rpi/rootfs/usr/lib/arm-linux-gnueabihf/crtn.o]
    arg [/home/zach/rpi/tools/arm-bcm2708/gcc-linaro-arm-linux-gnueabihf-raspbian-x64/bin/../libexec/gcc/arm-linux-gnueabihf/4.8.3/collect2] ==> ignore
    arg [--sysroot=/home/zach/rpi/rootfs] ==> ignore
    arg [--build-id] ==> ignore
    arg [--eh-frame-hdr] ==> ignore
    arg [-export-dynamic] ==> ignore
    arg [-dynamic-linker] ==> ignore
    arg [/lib/ld-linux-armhf.so.3] ==> ignore
    arg [-X] ==> ignore
    arg [-m] ==> ignore
    arg [armelf_linux_eabi] ==> ignore
    arg [-o] ==> ignore
    arg [cmTC_5f2e6] ==> ignore
    arg [/home/zach/rpi/rootfs/usr/lib/arm-linux-gnueabihf/crt1.o] ==> ignore
    arg [/home/zach/rpi/rootfs/usr/lib/arm-linux-gnueabihf/crti.o] ==> ignore
    arg [/home/zach/rpi/tools/arm-bcm2708/gcc-linaro-arm-linux-gnueabihf-raspbian-x64/bin/../lib/gcc/arm-linux-gnueabihf/4.8.3/crtbegin.o] ==> ignore
    arg [-L/home/zach/rpi/tools/arm-bcm2708/gcc-linaro-arm-linux-gnueabihf-raspbian-x64/bin/../lib/gcc/arm-linux-gnueabihf/4.8.3] ==> dir [/home/zach/rpi/tools/arm-bcm2708/gcc-linaro-arm-linux-gnueabihf-raspbian-x64/bin/../lib/gcc/arm-linux-gnueabihf/4.8.3]
    arg [-L/home/zach/rpi/tools/arm-bcm2708/gcc-linaro-arm-linux-gnueabihf-raspbian-x64/bin/../lib/gcc/arm-linux-gnueabihf] ==> dir [/home/zach/rpi/tools/arm-bcm2708/gcc-linaro-arm-linux-gnueabihf-raspbian-x64/bin/../lib/gcc/arm-linux-gnueabihf]
    arg [-L/home/zach/rpi/tools/arm-bcm2708/gcc-linaro-arm-linux-gnueabihf-raspbian-x64/bin/../lib/gcc] ==> dir [/home/zach/rpi/tools/arm-bcm2708/gcc-linaro-arm-linux-gnueabihf-raspbian-x64/bin/../lib/gcc]
    arg [-L/home/zach/rpi/tools/arm-bcm2708/gcc-linaro-arm-linux-gnueabihf-raspbian-x64/bin/../lib/gcc/arm-linux-gnueabihf] ==> dir [/home/zach/rpi/tools/arm-bcm2708/gcc-linaro-arm-linux-gnueabihf-raspbian-x64/bin/../lib/gcc/arm-linux-gnueabihf]
    arg [-L/home/zach/rpi/tools/arm-bcm2708/gcc-linaro-arm-linux-gnueabihf-raspbian-x64/bin/../lib/gcc/arm-linux-gnueabihf/4.8.3/../../../../arm-linux-gnueabihf/lib] ==> dir [/home/zach/rpi/tools/arm-bcm2708/gcc-linaro-arm-linux-gnueabihf-raspbian-x64/bin/../lib/gcc/arm-linux-gnueabihf/4.8.3/../../../../arm-linux-gnueabihf/lib]
    arg [-L/home/zach/rpi/rootfs/lib/arm-linux-gnueabihf] ==> dir [/home/zach/rpi/rootfs/lib/arm-linux-gnueabihf]
    arg [-L/home/zach/rpi/rootfs/lib] ==> dir [/home/zach/rpi/rootfs/lib]
    arg [-L/home/zach/rpi/rootfs/lib/arm-linux-gnueabihf] ==> dir [/home/zach/rpi/rootfs/lib/arm-linux-gnueabihf]
    arg [-L/home/zach/rpi/rootfs/usr/lib/arm-linux-gnueabihf] ==> dir [/home/zach/rpi/rootfs/usr/lib/arm-linux-gnueabihf]
    arg [-L/home/zach/rpi/rootfs/usr/lib] ==> dir [/home/zach/rpi/rootfs/usr/lib]
    arg [-L/home/zach/rpi/rootfs/usr/lib/arm-linux-gnueabihf] ==> dir [/home/zach/rpi/rootfs/usr/lib/arm-linux-gnueabihf]
    arg [CMakeFiles/cmTC_5f2e6.dir/CMakeCXXCompilerABI.cpp.o] ==> ignore
    arg [-lstdc++] ==> lib [stdc++]
    arg [-lm] ==> lib [m]
    arg [-lgcc_s] ==> lib [gcc_s]
    arg [-lgcc] ==> lib [gcc]
    arg [-lc] ==> lib [c]
    arg [-lgcc_s] ==> lib [gcc_s]
    arg [-lgcc] ==> lib [gcc]
    arg [/home/zach/rpi/tools/arm-bcm2708/gcc-linaro-arm-linux-gnueabihf-raspbian-x64/bin/../lib/gcc/arm-linux-gnueabihf/4.8.3/crtend.o] ==> ignore
    arg [/home/zach/rpi/rootfs/usr/lib/arm-linux-gnueabihf/crtn.o] ==> ignore
  remove lib [gcc_s]
  remove lib [gcc]
  remove lib [gcc_s]
  remove lib [gcc]
  collapse library dir [/home/zach/rpi/tools/arm-bcm2708/gcc-linaro-arm-linux-gnueabihf-raspbian-x64/bin/../lib/gcc/arm-linux-gnueabihf/4.8.3] ==> [/home/zach/rpi/tools/arm-bcm2708/gcc-linaro-arm-linux-gnueabihf-raspbian-x64/lib/gcc/arm-linux-gnueabihf/4.8.3]
  collapse library dir [/home/zach/rpi/tools/arm-bcm2708/gcc-linaro-arm-linux-gnueabihf-raspbian-x64/bin/../lib/gcc/arm-linux-gnueabihf] ==> [/home/zach/rpi/tools/arm-bcm2708/gcc-linaro-arm-linux-gnueabihf-raspbian-x64/lib/gcc/arm-linux-gnueabihf]
  collapse library dir [/home/zach/rpi/tools/arm-bcm2708/gcc-linaro-arm-linux-gnueabihf-raspbian-x64/bin/../lib/gcc] ==> [/home/zach/rpi/tools/arm-bcm2708/gcc-linaro-arm-linux-gnueabihf-raspbian-x64/lib/gcc]
  collapse library dir [/home/zach/rpi/tools/arm-bcm2708/gcc-linaro-arm-linux-gnueabihf-raspbian-x64/bin/../lib/gcc/arm-linux-gnueabihf] ==> [/home/zach/rpi/tools/arm-bcm2708/gcc-linaro-arm-linux-gnueabihf-raspbian-x64/lib/gcc/arm-linux-gnueabihf]
  collapse library dir [/home/zach/rpi/tools/arm-bcm2708/gcc-linaro-arm-linux-gnueabihf-raspbian-x64/bin/../lib/gcc/arm-linux-gnueabihf/4.8.3/../../../../arm-linux-gnueabihf/lib] ==> [/home/zach/rpi/tools/arm-bcm2708/gcc-linaro-arm-linux-gnueabihf-raspbian-x64/arm-linux-gnueabihf/lib]
  collapse library dir [/home/zach/rpi/rootfs/lib/arm-linux-gnueabihf] ==> [/home/zach/rpi/rootfs/lib/arm-linux-gnueabihf]
  collapse library dir [/home/zach/rpi/rootfs/lib] ==> [/home/zach/rpi/rootfs/lib]
  collapse library dir [/home/zach/rpi/rootfs/lib/arm-linux-gnueabihf] ==> [/home/zach/rpi/rootfs/lib/arm-linux-gnueabihf]
  collapse library dir [/home/zach/rpi/rootfs/usr/lib/arm-linux-gnueabihf] ==> [/home/zach/rpi/rootfs/usr/lib/arm-linux-gnueabihf]
  collapse library dir [/home/zach/rpi/rootfs/usr/lib] ==> [/home/zach/rpi/rootfs/usr/lib]
  collapse library dir [/home/zach/rpi/rootfs/usr/lib/arm-linux-gnueabihf] ==> [/home/zach/rpi/rootfs/usr/lib/arm-linux-gnueabihf]
  implicit libs: [stdc++;m;c]
  implicit dirs: [/home/zach/rpi/tools/arm-bcm2708/gcc-linaro-arm-linux-gnueabihf-raspbian-x64/lib/gcc/arm-linux-gnueabihf/4.8.3;/home/zach/rpi/tools/arm-bcm2708/gcc-linaro-arm-linux-gnueabihf-raspbian-x64/lib/gcc/arm-linux-gnueabihf;/home/zach/rpi/tools/arm-bcm2708/gcc-linaro-arm-linux-gnueabihf-raspbian-x64/lib/gcc;/home/zach/rpi/tools/arm-bcm2708/gcc-linaro-arm-linux-gnueabihf-raspbian-x64/arm-linux-gnueabihf/lib;/home/zach/rpi/rootfs/lib/arm-linux-gnueabihf;/home/zach/rpi/rootfs/lib;/home/zach/rpi/rootfs/usr/lib/arm-linux-gnueabihf;/home/zach/rpi/rootfs/usr/lib]
  implicit fwks: []




Detecting CXX [-std=c++1y] compiler features compiled with the following output:
Change Dir: /home/zach/Documents/personal/k-d_tree/build/rpi/bin/CMakeFiles/CMakeTmp

Run Build Command:"/usr/bin/make" "cmTC_76163/fast"
make[3]: Entering directory '/home/zach/Documents/personal/k-d_tree/build/rpi/bin/CMakeFiles/CMakeTmp'
/usr/bin/make -f CMakeFiles/cmTC_76163.dir/build.make CMakeFiles/cmTC_76163.dir/build
make[4]: Entering directory '/home/zach/Documents/personal/k-d_tree/build/rpi/bin/CMakeFiles/CMakeTmp'
Building CXX object CMakeFiles/cmTC_76163.dir/feature_tests.cxx.o
/home/zach/rpi/tools/arm-bcm2708/gcc-linaro-arm-linux-gnueabihf-raspbian-x64/bin/arm-linux-gnueabihf-g++  --sysroot=/home/zach/rpi/rootfs    -std=c++1y -o CMakeFiles/cmTC_76163.dir/feature_tests.cxx.o -c /home/zach/Documents/personal/k-d_tree/build/rpi/bin/CMakeFiles/feature_tests.cxx
Linking CXX executable cmTC_76163
/usr/bin/cmake -E cmake_link_script CMakeFiles/cmTC_76163.dir/link.txt --verbose=1
/home/zach/rpi/tools/arm-bcm2708/gcc-linaro-arm-linux-gnueabihf-raspbian-x64/bin/arm-linux-gnueabihf-g++  --sysroot=/home/zach/rpi/rootfs       CMakeFiles/cmTC_76163.dir/feature_tests.cxx.o  -o cmTC_76163 -rdynamic 
make[4]: Leaving directory '/home/zach/Documents/personal/k-d_tree/build/rpi/bin/CMakeFiles/CMakeTmp'
make[3]: Leaving directory '/home/zach/Documents/personal/k-d_tree/build/rpi/bin/CMakeFiles/CMakeTmp'


    Feature record: CXX_FEATURE:0cxx_aggregate_default_initializers
    Feature record: CXX_FEATURE:1cxx_alias_templates
    Feature record: CXX_FEATURE:1cxx_alignas
    Feature record: CXX_FEATURE:1cxx_alignof
    Feature record: CXX_FEATURE:1cxx_attributes
    Feature record: CXX_FEATURE:0cxx_attribute_deprecated
    Feature record: CXX_FEATURE:1cxx_auto_type
    Feature record: CXX_FEATURE:0cxx_binary_literals
    Feature record: CXX_FEATURE:1cxx_constexpr
    Feature record: CXX_FEATURE:0cxx_contextual_conversions
    Feature record: CXX_FEATURE:1cxx_decltype
    Feature record: CXX_FEATURE:0cxx_decltype_auto
    Feature record: CXX_FEATURE:1cxx_decltype_incomplete_return_types
    Feature record: CXX_FEATURE:1cxx_default_function_template_args
    Feature record: CXX_FEATURE:1cxx_defaulted_functions
    Feature record: CXX_FEATURE:1cxx_defaulted_move_initializers
    Feature record: CXX_FEATURE:1cxx_delegating_constructors
    Feature record: CXX_FEATURE:1cxx_deleted_functions
    Feature record: CXX_FEATURE:0cxx_digit_separators
    Feature record: CXX_FEATURE:1cxx_enum_forward_declarations
    Feature record: CXX_FEATURE:1cxx_explicit_conversions
    Feature record: CXX_FEATURE:1cxx_extended_friend_declarations
    Feature record: CXX_FEATURE:1cxx_extern_templates
    Feature record: CXX_FEATURE:1cxx_final
    Feature record: CXX_FEATURE:1cxx_func_identifier
    Feature record: CXX_FEATURE:1cxx_generalized_initializers
    Feature record: CXX_FEATURE:0cxx_generic_lambdas
    Feature record: CXX_FEATURE:1cxx_inheriting_constructors
    Feature record: CXX_FEATURE:1cxx_inline_namespaces
    Feature record: CXX_FEATURE:1cxx_lambdas
    Feature record: CXX_FEATURE:0cxx_lambda_init_captures
    Feature record: CXX_FEATURE:1cxx_local_type_template_args
    Feature record: CXX_FEATURE:1cxx_long_long_type
    Feature record: CXX_FEATURE:1cxx_noexcept
    Feature record: CXX_FEATURE:1cxx_nonstatic_member_init
    Feature record: CXX_FEATURE:1cxx_nullptr
    Feature record: CXX_FEATURE:1cxx_override
    Feature record: CXX_FEATURE:1cxx_range_for
    Feature record: CXX_FEATURE:1cxx_raw_string_literals
    Feature record: CXX_FEATURE:1cxx_reference_qualified_functions
    Feature record: CXX_FEATURE:0cxx_relaxed_constexpr
    Feature record: CXX_FEATURE:0cxx_return_type_deduction
    Feature record: CXX_FEATURE:1cxx_right_angle_brackets
    Feature record: CXX_FEATURE:1cxx_rvalue_references
    Feature record: CXX_FEATURE:1cxx_sizeof_member
    Feature record: CXX_FEATURE:1cxx_static_assert
    Feature record: CXX_FEATURE:1cxx_strong_enums
    Feature record: CXX_FEATURE:1cxx_template_template_parameters
    Feature record: CXX_FEATURE:1cxx_thread_local
    Feature record: CXX_FEATURE:1cxx_trailing_return_types
    Feature record: CXX_FEATURE:1cxx_unicode_literals
    Feature record: CXX_FEATURE:1cxx_uniform_initialization
    Feature record: CXX_FEATURE:1cxx_unrestricted_unions
    Feature record: CXX_FEATURE:1cxx_user_literals
    Feature record: CXX_FEATURE:0cxx_variable_templates
    Feature record: CXX_FEATURE:1cxx_variadic_macros
    Feature record: CXX_FEATURE:1cxx_variadic_templates


Detecting CXX [-std=c++11] compiler features compiled with the following output:
Change Dir: /home/zach/Documents/personal/k-d_tree/build/rpi/bin/CMakeFiles/CMakeTmp

Run Build Command:"/usr/bin/make" "cmTC_10f26/fast"
make[3]: Entering directory '/home/zach/Documents/personal/k-d_tree/build/rpi/bin/CMakeFiles/CMakeTmp'
/usr/bin/make -f CMakeFiles/cmTC_10f26.dir/build.make CMakeFiles/cmTC_10f26.dir/build
make[4]: Entering directory '/home/zach/Documents/personal/k-d_tree/build/rpi/bin/CMakeFiles/CMakeTmp'
Building CXX object CMakeFiles/cmTC_10f26.dir/feature_tests.cxx.o
/home/zach/rpi/tools/arm-bcm2708/gcc-linaro-arm-linux-gnueabihf-raspbian-x64/bin/arm-linux-gnueabihf-g++  --sysroot=/home/zach/rpi/rootfs    -std=c++11 -o CMakeFiles/cmTC_10f26.dir/feature_tests.cxx.o -c /home/zach/Documents/personal/k-d_tree/build/rpi/bin/CMakeFiles/feature_tests.cxx
Linking CXX executable cmTC_10f26
/usr/bin/cmake -E cmake_link_script CMakeFiles/cmTC_10f26.dir/link.txt --verbose=1
/home/zach/rpi/tools/arm-bcm2708/gcc-linaro-arm-linux-gnueabihf-raspbian-x64/bin/arm-linux-gnueabihf-g++  --sysroot=/home/zach/rpi/rootfs       CMakeFiles/cmTC_10f26.dir/feature_tests.cxx.o  -o cmTC_10f26 -rdynamic 
make[4]: Leaving directory '/home/zach/Documents/personal/k-d_tree/build/rpi/bin/CMakeFiles/CMakeTmp'
make[3]: Leaving directory '/home/zach/Documents/personal/k-d_tree/build/rpi/bin/CMakeFiles/CMakeTmp'


    Feature record: CXX_FEATURE:0cxx_aggregate_default_initializers
    Feature record: CXX_FEATURE:1cxx_alias_templates
    Feature record: CXX_FEATURE:1cxx_alignas
    Feature record: CXX_FEATURE:1cxx_alignof
    Feature record: CXX_FEATURE:1cxx_attributes
    Feature record: CXX_FEATURE:0cxx_attribute_deprecated
    Feature record: CXX_FEATURE:1cxx_auto_type
    Feature record: CXX_FEATURE:0cxx_binary_literals
    Feature record: CXX_FEATURE:1cxx_constexpr
    Feature record: CXX_FEATURE:0cxx_contextual_conversions
    Feature record: CXX_FEATURE:1cxx_decltype
    Feature record: CXX_FEATURE:0cxx_decltype_auto
    Feature record: CXX_FEATURE:1cxx_decltype_incomplete_return_types
    Feature record: CXX_FEATURE:1cxx_default_function_template_args
    Feature record: CXX_FEATURE:1cxx_defaulted_functions
    Feature record: CXX_FEATURE:1cxx_defaulted_move_initializers
    Feature record: CXX_FEATURE:1cxx_delegating_constructors
    Feature record: CXX_FEATURE:1cxx_deleted_functions
    Feature record: CXX_FEATURE:0cxx_digit_separators
    Feature record: CXX_FEATURE:1cxx_enum_forward_declarations
    Feature record: CXX_FEATURE:1cxx_explicit_conversions
    Feature record: CXX_FEATURE:1cxx_extended_friend_declarations
    Feature record: CXX_FEATURE:1cxx_extern_templates
    Feature record: CXX_FEATURE:1cxx_final
    Feature record: CXX_FEATURE:1cxx_func_identifier
    Feature record: CXX_FEATURE:1cxx_generalized_initializers
    Feature record: CXX_FEATURE:0cxx_generic_lambdas
    Feature record: CXX_FEATURE:1cxx_inheriting_constructors
    Feature record: CXX_FEATURE:1cxx_inline_namespaces
    Feature record: CXX_FEATURE:1cxx_lambdas
    Feature record: CXX_FEATURE:0cxx_lambda_init_captures
    Feature record: CXX_FEATURE:1cxx_local_type_template_args
    Feature record: CXX_FEATURE:1cxx_long_long_type
    Feature record: CXX_FEATURE:1cxx_noexcept
    Feature record: CXX_FEATURE:1cxx_nonstatic_member_init
    Feature record: CXX_FEATURE:1cxx_nullptr
    Feature record: CXX_FEATURE:1cxx_override
    Feature record: CXX_FEATURE:1cxx_range_for
    Feature record: CXX_FEATURE:1cxx_raw_string_literals
    Feature record: CXX_FEATURE:1cxx_reference_qualified_functions
    Feature record: CXX_FEATURE:0cxx_relaxed_constexpr
    Feature record: CXX_FEATURE:0cxx_return_type_deduction
    Feature record: CXX_FEATURE:1cxx_right_angle_brackets
    Feature record: CXX_FEATURE:1cxx_rvalue_references
    Feature record: CXX_FEATURE:1cxx_sizeof_member
    Feature record: CXX_FEATURE:1cxx_static_assert
    Feature record: CXX_FEATURE:1cxx_strong_enums
    Feature record: CXX_FEATURE:1cxx_template_template_parameters
    Feature record: CXX_FEATURE:1cxx_thread_local
    Feature record: CXX_FEATURE:1cxx_trailing_return_types
    Feature record: CXX_FEATURE:1cxx_unicode_literals
    Feature record: CXX_FEATURE:1cxx_uniform_initialization
    Feature record: CXX_FEATURE:1cxx_unrestricted_unions
    Feature record: CXX_FEATURE:1cxx_user_literals
    Feature record: CXX_FEATURE:0cxx_variable_templates
    Feature record: CXX_FEATURE:1cxx_variadic_macros
    Feature record: CXX_FEATURE:1cxx_variadic_templates


Detecting CXX [-std=c++98] compiler features compiled with the following output:
Change Dir: /home/zach/Documents/personal/k-d_tree/build/rpi/bin/CMakeFiles/CMakeTmp

Run Build Command:"/usr/bin/make" "cmTC_784f0/fast"
make[3]: Entering directory '/home/zach/Documents/personal/k-d_tree/build/rpi/bin/CMakeFiles/CMakeTmp'
/usr/bin/make -f CMakeFiles/cmTC_784f0.dir/build.make CMakeFiles/cmTC_784f0.dir/build
make[4]: Entering directory '/home/zach/Documents/personal/k-d_tree/build/rpi/bin/CMakeFiles/CMakeTmp'
Building CXX object CMakeFiles/cmTC_784f0.dir/feature_tests.cxx.o
/home/zach/rpi/tools/arm-bcm2708/gcc-linaro-arm-linux-gnueabihf-raspbian-x64/bin/arm-linux-gnueabihf-g++  --sysroot=/home/zach/rpi/rootfs    -std=c++98 -o CMakeFiles/cmTC_784f0.dir/feature_tests.cxx.o -c /home/zach/Documents/personal/k-d_tree/build/rpi/bin/CMakeFiles/feature_tests.cxx
Linking CXX executable cmTC_784f0
/usr/bin/cmake -E cmake_link_script CMakeFiles/cmTC_784f0.dir/link.txt --verbose=1
/home/zach/rpi/tools/arm-bcm2708/gcc-linaro-arm-linux-gnueabihf-raspbian-x64/bin/arm-linux-gnueabihf-g++  --sysroot=/home/zach/rpi/rootfs       CMakeFiles/cmTC_784f0.dir/feature_tests.cxx.o  -o cmTC_784f0 -rdynamic 
make[4]: Leaving directory '/home/zach/Documents/personal/k-d_tree/build/rpi/bin/CMakeFiles/CMakeTmp'
make[3]: Leaving directory '/home/zach/Documents/personal/k-d_tree/build/rpi/bin/CMakeFiles/CMakeTmp'


    Feature record: CXX_FEATURE:0cxx_aggregate_default_initializers
    Feature record: CXX_FEATURE:0cxx_alias_templates
    Feature record: CXX_FEATURE:0cxx_alignas
    Feature record: CXX_FEATURE:0cxx_alignof
    Feature record: CXX_FEATURE:0cxx_attributes
    Feature record: CXX_FEATURE:0cxx_attribute_deprecated
    Feature record: CXX_FEATURE:0cxx_auto_type
    Feature record: CXX_FEATURE:0cxx_binary_literals
    Feature record: CXX_FEATURE:0cxx_constexpr
    Feature record: CXX_FEATURE:0cxx_contextual_conversions
    Feature record: CXX_FEATURE:0cxx_decltype
    Feature record: CXX_FEATURE:0cxx_decltype_auto
    Feature record: CXX_FEATURE:0cxx_decltype_incomplete_return_types
    Feature record: CXX_FEATURE:0cxx_default_function_template_args
    Feature record: CXX_FEATURE:0cxx_defaulted_functions
    Feature record: CXX_FEATURE:0cxx_defaulted_move_initializers
    Feature record: CXX_FEATURE:0cxx_delegating_constructors
    Feature record: CXX_FEATURE:0cxx_deleted_functions
    Feature record: CXX_FEATURE:0cxx_digit_separators
    Feature record: CXX_FEATURE:0cxx_enum_forward_declarations
    Feature record: CXX_FEATURE:0cxx_explicit_conversions
    Feature record: CXX_FEATURE:0cxx_extended_friend_declarations
    Feature record: CXX_FEATURE:0cxx_extern_templates
    Feature record: CXX_FEATURE:0cxx_final
    Feature record: CXX_FEATURE:0cxx_func_identifier
    Feature record: CXX_FEATURE:0cxx_generalized_initializers
    Feature record: CXX_FEATURE:0cxx_generic_lambdas
    Feature record: CXX_FEATURE:0cxx_inheriting_constructors
    Feature record: CXX_FEATURE:0cxx_inline_namespaces
    Feature record: CXX_FEATURE:0cxx_lambdas
    Feature record: CXX_FEATURE:0cxx_lambda_init_captures
    Feature record: CXX_FEATURE:0cxx_local_type_template_args
    Feature record: CXX_FEATURE:0cxx_long_long_type
    Feature record: CXX_FEATURE:0cxx_noexcept
    Feature record: CXX_FEATURE:0cxx_nonstatic_member_init
    Feature record: CXX_FEATURE:0cxx_nullptr
    Feature record: CXX_FEATURE:0cxx_override
    Feature record: CXX_FEATURE:0cxx_range_for
    Feature record: CXX_FEATURE:0cxx_raw_string_literals
    Feature record: CXX_FEATURE:0cxx_reference_qualified_functions
    Feature record: CXX_FEATURE:0cxx_relaxed_constexpr
    Feature record: CXX_FEATURE:0cxx_return_type_deduction
    Feature record: CXX_FEATURE:0cxx_right_angle_brackets
    Feature record: CXX_FEATURE:0cxx_rvalue_references
    Feature record: CXX_FEATURE:0cxx_sizeof_member
    Feature record: CXX_FEATURE:0cxx_static_assert
    Feature record: CXX_FEATURE:0cxx_strong_enums
    Feature record: CXX_FEATURE:1cxx_template_template_parameters
    Feature record: CXX_FEATURE:0cxx_thread_local
    Feature record: CXX_FEATURE:0cxx_trailing_return_types
    Feature record: CXX_FEATURE:0cxx_unicode_literals
    Feature record: CXX_FEATURE:0cxx_uniform_initialization
    Feature record: CXX_FEATURE:0cxx_unrestricted_unions
    Feature record: CXX_FEATURE:0cxx_user_literals
    Feature record: CXX_FEATURE:0cxx_variable_templates
    Feature record: CXX_FEATURE:0cxx_variadic_macros
    Feature record: CXX_FEATURE:0cxx_variadic_templates
